build/app/intermediates/manifest_merge_blame_file/debug/manifest-merger-blame-debug-report.txt
1<?xml version="1.0" encoding="utf-8"?>
2<manifest xmlns:android="http://schemas.android.com/apk/res/android"
3    package="com.epsilon.namaskaar"
4    android:versionCode="1"
5    android:versionName="1.0.0" >
6
7    <uses-sdk
8        android:minSdkVersion="21"
9        android:targetSdkVersion="28" />
10    <!--
11         Flutter needs it to communicate with the running application
12         to allow setting breakpoints, to provide hot reload, etc.
13    -->
14    <uses-permission android:name="android.permission.INTERNET" />
14-->src\main\AndroidManifest.xml:39:5-66
14-->src\main\AndroidManifest.xml:39:22-64
15    <!--
16     io.flutter.app.FlutterApplication is an android.app.Application that
17         calls FlutterMain.startInitialization(this); in its onCreate method.
18         In most cases you can leave this as-is, but you if you want to provide
19         additional functionality it is fine to subclass or reimplement
20         FlutterApplication and put your custom class here.
21    -->
22    <uses-permission android:name="android.permission.ACCESS_FINE_LOCATION" />
22-->src\main\AndroidManifest.xml:8:5-78
22-->src\main\AndroidManifest.xml:8:22-76
23    <uses-permission android:name="android.permission.ACCESS_COARSE_LOCATION" />
23-->[:user_location] AndroidManifest.xml:7:5-81
23-->[:user_location] AndroidManifest.xml:7:22-78
24    <uses-permission android:name="android.permission.CAMERA" />
24-->[:camera] AndroidManifest.xml:7:5-65
24-->[:camera] AndroidManifest.xml:7:22-62
25    <uses-permission android:name="android.permission.RECORD_AUDIO" /> <!-- Although the *SdkVersion is captured in gradle build files, this is required for non gradle builds -->
25-->[:camera] AndroidManifest.xml:8:5-71
25-->[:camera] AndroidManifest.xml:8:22-68
26    <!-- <uses-sdk android:minSdkVersion="14"/> -->
27    <uses-permission android:name="android.permission.ACCESS_NETWORK_STATE" />
27-->[com.google.firebase:firebase-database:17.0.0] AndroidManifest.xml:25:5-79
27-->[com.google.firebase:firebase-database:17.0.0] AndroidManifest.xml:25:22-76
28
29    <uses-feature
29-->[com.google.android.gms:play-services-maps:17.0.0] AndroidManifest.xml:26:5-28:35
30        android:glEsVersion="0x00020000"
30-->[com.google.android.gms:play-services-maps:17.0.0] AndroidManifest.xml:27:9-41
31        android:required="true" />
31-->[com.google.android.gms:play-services-maps:17.0.0] AndroidManifest.xml:28:9-32
32
33    <uses-permission android:name="android.permission.WAKE_LOCK" /> <!-- Required by older versions of Google Play services to create IID tokens -->
33-->[com.google.android.gms:play-services-measurement-api:17.2.2] AndroidManifest.xml:24:5-68
33-->[com.google.android.gms:play-services-measurement-api:17.2.2] AndroidManifest.xml:24:22-65
34    <uses-permission android:name="com.google.android.c2dm.permission.RECEIVE" />
34-->[com.google.firebase:firebase-iid:20.0.2] AndroidManifest.xml:26:5-82
34-->[com.google.firebase:firebase-iid:20.0.2] AndroidManifest.xml:26:22-79
35    <uses-permission android:name="com.google.android.finsky.permission.BIND_GET_INSTALL_REFERRER_SERVICE" />
35-->[com.google.android.gms:play-services-measurement:17.2.2] AndroidManifest.xml:26:5-110
35-->[com.google.android.gms:play-services-measurement:17.2.2] AndroidManifest.xml:26:22-107
36
37    <application
37-->src\main\AndroidManifest.xml:9:5-38:19
38        android:name="io.flutter.app.FlutterApplication"
38-->src\main\AndroidManifest.xml:10:9-57
39        android:appComponentFactory="androidx.core.app.CoreComponentFactory"
39-->[androidx.core:core:1.1.0] AndroidManifest.xml:24:18-86
40        android:debuggable="true"
41        android:icon="@mipmap/ic_launcher"
41-->src\main\AndroidManifest.xml:12:9-43
42        android:label="namaskaar" >
42-->src\main\AndroidManifest.xml:11:9-34
43        <meta-data
43-->src\main\AndroidManifest.xml:13:9-15:70
44            android:name="com.google.android.geo.API_KEY"
44-->src\main\AndroidManifest.xml:14:13-58
45            android:value="AIzaSyASDPmuz6c8zR28PvLWBPUQ8HN6hgXfXVk" />
45-->src\main\AndroidManifest.xml:15:13-68
46
47        <activity
47-->src\main\AndroidManifest.xml:17:9-32:20
48            android:name="com.epsilon.namaskaar.MainActivity"
48-->src\main\AndroidManifest.xml:18:13-41
49            android:configChanges="orientation|keyboardHidden|keyboard|screenSize|smallestScreenSize|locale|layoutDirection|fontScale|screenLayout|density|uiMode"
49-->src\main\AndroidManifest.xml:21:13-163
50            android:hardwareAccelerated="true"
50-->src\main\AndroidManifest.xml:22:13-47
51            android:launchMode="singleTop"
51-->src\main\AndroidManifest.xml:19:13-43
52            android:theme="@style/LaunchTheme"
52-->src\main\AndroidManifest.xml:20:13-47
53            android:windowSoftInputMode="adjustResize" >
53-->src\main\AndroidManifest.xml:23:13-55
54            <intent-filter>
54-->src\main\AndroidManifest.xml:24:13-27:29
55                <action android:name="android.intent.action.MAIN" />
55-->src\main\AndroidManifest.xml:25:17-68
55-->src\main\AndroidManifest.xml:25:25-66
56
57                <category android:name="android.intent.category.LAUNCHER" />
57-->src\main\AndroidManifest.xml:26:17-76
57-->src\main\AndroidManifest.xml:26:27-74
58            </intent-filter>
59            <intent-filter>
59-->src\main\AndroidManifest.xml:28:9-31:25
60                <action android:name="FLUTTER_NOTIFICATION_CLICK" />
60-->src\main\AndroidManifest.xml:29:13-65
60-->src\main\AndroidManifest.xml:29:21-62
61
62                <category android:name="android.intent.category.DEFAULT" />
62-->src\main\AndroidManifest.xml:30:13-72
62-->src\main\AndroidManifest.xml:30:23-69
63            </intent-filter>
64        </activity>
65        <!--
66             Don't delete the meta-data below.
67             This is used by the Flutter tool to generate GeneratedPluginRegistrant.java
68        -->
69        <meta-data
69-->src\main\AndroidManifest.xml:35:9-37:33
70            android:name="flutterEmbedding"
70-->src\main\AndroidManifest.xml:36:13-44
71            android:value="2" />
71-->src\main\AndroidManifest.xml:37:13-30
72
73        <service
73-->[:firebase_auth] AndroidManifest.xml:8:9-12:19
74            android:name="com.google.firebase.components.ComponentDiscoveryService"
74-->[:firebase_auth] AndroidManifest.xml:8:18-89
75            android:directBootAware="true"
75-->[com.google.firebase:firebase-common:19.3.0] AndroidManifest.xml:34:13-43
76            android:exported="false" >
76-->[com.google.firebase:firebase-auth:19.2.0] AndroidManifest.xml:35:13-37
77            <meta-data
77-->[:firebase_auth] AndroidManifest.xml:9:13-11:85
78                android:name="com.google.firebase.components:io.flutter.plugins.firebaseauth.FlutterFirebaseAppRegistrar"
78-->[:firebase_auth] AndroidManifest.xml:10:17-122
79                android:value="com.google.firebase.components.ComponentRegistrar" />
79-->[:firebase_auth] AndroidManifest.xml:11:17-82
80            <meta-data
80-->[:firebase_database] AndroidManifest.xml:9:13-11:85
81                android:name="com.google.firebase.components:io.flutter.plugins.firebase.database.FlutterFirebaseAppRegistrar"
81-->[:firebase_database] AndroidManifest.xml:10:17-127
82                android:value="com.google.firebase.components.ComponentRegistrar" />
82-->[:firebase_database] AndroidManifest.xml:11:17-82
83            <meta-data
83-->[:firebase_core] AndroidManifest.xml:9:13-11:85
84                android:name="com.google.firebase.components:io.flutter.plugins.firebase.core.FlutterFirebaseAppRegistrar"
84-->[:firebase_core] AndroidManifest.xml:10:17-123
85                android:value="com.google.firebase.components.ComponentRegistrar" />
85-->[:firebase_core] AndroidManifest.xml:11:17-82
86            <meta-data
86-->[:firebase_messaging] AndroidManifest.xml:14:13-16:85
87                android:name="com.google.firebase.components:io.flutter.plugins.firebasemessaging.FlutterFirebaseAppRegistrar"
87-->[:firebase_messaging] AndroidManifest.xml:15:17-127
88                android:value="com.google.firebase.components.ComponentRegistrar" />
88-->[:firebase_messaging] AndroidManifest.xml:16:17-82
89            <meta-data
89-->[com.google.firebase:firebase-auth:19.2.0] AndroidManifest.xml:36:13-38:85
90                android:name="com.google.firebase.components:com.google.firebase.auth.FirebaseAuthRegistrar"
90-->[com.google.firebase:firebase-auth:19.2.0] AndroidManifest.xml:37:17-109
91                android:value="com.google.firebase.components.ComponentRegistrar" />
91-->[com.google.firebase:firebase-auth:19.2.0] AndroidManifest.xml:38:17-82
92            <meta-data
92-->[com.google.firebase:firebase-messaging:20.1.0] AndroidManifest.xml:38:13-40:85
93                android:name="com.google.firebase.components:com.google.firebase.messaging.FirebaseMessagingRegistrar"
93-->[com.google.firebase:firebase-messaging:20.1.0] AndroidManifest.xml:39:17-119
94                android:value="com.google.firebase.components.ComponentRegistrar" />
94-->[com.google.firebase:firebase-messaging:20.1.0] AndroidManifest.xml:40:17-82
95            <meta-data
95-->[com.google.firebase:firebase-database:17.0.0] AndroidManifest.xml:30:13-32:85
96                android:name="com.google.firebase.components:com.google.firebase.database.DatabaseRegistrar"
96-->[com.google.firebase:firebase-database:17.0.0] AndroidManifest.xml:31:17-109
97                android:value="com.google.firebase.components.ComponentRegistrar" />
97-->[com.google.firebase:firebase-database:17.0.0] AndroidManifest.xml:32:17-82
98            <meta-data
98-->[com.google.android.gms:play-services-measurement-api:17.2.2] AndroidManifest.xml:30:13-32:85
99                android:name="com.google.firebase.components:com.google.firebase.analytics.connector.internal.AnalyticsConnectorRegistrar"
99-->[com.google.android.gms:play-services-measurement-api:17.2.2] AndroidManifest.xml:31:17-139
100                android:value="com.google.firebase.components.ComponentRegistrar" />
100-->[com.google.android.gms:play-services-measurement-api:17.2.2] AndroidManifest.xml:32:17-82
101            <meta-data
101-->[com.google.firebase:firebase-iid:20.0.2] AndroidManifest.xml:32:13-34:85
102                android:name="com.google.firebase.components:com.google.firebase.iid.Registrar"
102-->[com.google.firebase:firebase-iid:20.0.2] AndroidManifest.xml:33:17-96
103                android:value="com.google.firebase.components.ComponentRegistrar" />
103-->[com.google.firebase:firebase-iid:20.0.2] AndroidManifest.xml:34:17-82
104            <meta-data
104-->[com.google.firebase:firebase-datatransport:17.0.3] AndroidManifest.xml:28:13-30:85
105                android:name="com.google.firebase.components:com.google.firebase.datatransport.TransportRegistrar"
105-->[com.google.firebase:firebase-datatransport:17.0.3] AndroidManifest.xml:29:17-115
106                android:value="com.google.firebase.components.ComponentRegistrar" />
106-->[com.google.firebase:firebase-datatransport:17.0.3] AndroidManifest.xml:30:17-82
107        </service>
108        <service android:name="io.flutter.plugins.firebasemessaging.FlutterFirebaseMessagingService" >
108-->[:firebase_messaging] AndroidManifest.xml:8:9-12:19
108-->[:firebase_messaging] AndroidManifest.xml:8:18-101
109            <intent-filter>
109-->[:firebase_messaging] AndroidManifest.xml:9:13-11:29
110                <action android:name="com.google.firebase.MESSAGING_EVENT" />
110-->[:firebase_messaging] AndroidManifest.xml:10:17-78
110-->[:firebase_messaging] AndroidManifest.xml:10:25-75
111            </intent-filter>
112        </service>
113
114        <activity
114-->[:url_launcher] AndroidManifest.xml:8:9-11:74
115            android:name="io.flutter.plugins.urllauncher.WebViewActivity"
115-->[:url_launcher] AndroidManifest.xml:9:13-74
116            android:exported="false"
116-->[:url_launcher] AndroidManifest.xml:10:13-37
117            android:theme="@android:style/Theme.NoTitleBar.Fullscreen" />
117-->[:url_launcher] AndroidManifest.xml:11:13-71
118        <activity
118-->[com.google.firebase:firebase-auth:19.2.0] AndroidManifest.xml:24:9-31:50
119            android:name="com.google.firebase.auth.internal.FederatedSignInActivity"
119-->[com.google.firebase:firebase-auth:19.2.0] AndroidManifest.xml:25:13-85
120            android:excludeFromRecents="true"
120-->[com.google.firebase:firebase-auth:19.2.0] AndroidManifest.xml:26:13-46
121            android:exported="true"
121-->[com.google.firebase:firebase-auth:19.2.0] AndroidManifest.xml:27:13-36
122            android:launchMode="singleTask"
122-->[com.google.firebase:firebase-auth:19.2.0] AndroidManifest.xml:28:13-44
123            android:permission="com.google.firebase.auth.api.gms.permission.LAUNCH_FEDERATED_SIGN_IN"
123-->[com.google.firebase:firebase-auth:19.2.0] AndroidManifest.xml:29:13-102
124            android:theme="@android:style/Theme.Translucent.NoTitleBar" />
124-->[com.google.firebase:firebase-auth:19.2.0] AndroidManifest.xml:30:13-72
125        <activity
125-->[com.google.android.gms:play-services-auth:17.0.0] AndroidManifest.xml:23:9-27:75
126            android:name="com.google.android.gms.auth.api.signin.internal.SignInHubActivity"
126-->[com.google.android.gms:play-services-auth:17.0.0] AndroidManifest.xml:24:13-93
127            android:excludeFromRecents="true"
127-->[com.google.android.gms:play-services-auth:17.0.0] AndroidManifest.xml:25:13-46
128            android:exported="false"
128-->[com.google.android.gms:play-services-auth:17.0.0] AndroidManifest.xml:26:13-37
129            android:theme="@android:style/Theme.Translucent.NoTitleBar" />
129-->[com.google.android.gms:play-services-auth:17.0.0] AndroidManifest.xml:27:13-72
130        <!--
131            Service handling Google Sign-In user revocation. For apps that do not integrate with
132            Google Sign-In, this service will never be started.
133        -->
134        <service
134-->[com.google.android.gms:play-services-auth:17.0.0] AndroidManifest.xml:33:9-36:110
135            android:name="com.google.android.gms.auth.api.signin.RevocationBoundService"
135-->[com.google.android.gms:play-services-auth:17.0.0] AndroidManifest.xml:34:13-89
136            android:exported="true"
136-->[com.google.android.gms:play-services-auth:17.0.0] AndroidManifest.xml:35:13-36
137            android:permission="com.google.android.gms.auth.api.signin.permission.REVOCATION_NOTIFICATION" />
137-->[com.google.android.gms:play-services-auth:17.0.0] AndroidManifest.xml:36:13-107
138        <!--
139             FirebaseMessagingService performs security checks at runtime,
140             but set to not exported to explicitly avoid allowing another app to call it.
141        -->
142        <service
142-->[com.google.firebase:firebase-messaging:20.1.0] AndroidManifest.xml:28:9-34:19
143            android:name="com.google.firebase.messaging.FirebaseMessagingService"
143-->[com.google.firebase:firebase-messaging:20.1.0] AndroidManifest.xml:29:13-82
144            android:exported="false" >
144-->[com.google.firebase:firebase-messaging:20.1.0] AndroidManifest.xml:30:13-37
145            <intent-filter android:priority="-500" >
145-->[:firebase_messaging] AndroidManifest.xml:9:13-11:29
146                <action android:name="com.google.firebase.MESSAGING_EVENT" />
146-->[:firebase_messaging] AndroidManifest.xml:10:17-78
146-->[:firebase_messaging] AndroidManifest.xml:10:25-75
147            </intent-filter>
148        </service> <!-- Needs to be explicitly declared on P+ -->
149        <uses-library
149-->[com.google.android.gms:play-services-maps:17.0.0] AndroidManifest.xml:33:9-35:40
150            android:name="org.apache.http.legacy"
150-->[com.google.android.gms:play-services-maps:17.0.0] AndroidManifest.xml:34:13-50
151            android:required="false" />
151-->[com.google.android.gms:play-services-maps:17.0.0] AndroidManifest.xml:35:13-37
152
153        <receiver
153-->[com.google.firebase:firebase-iid:20.0.2] AndroidManifest.xml:37:9-44:20
154            android:name="com.google.firebase.iid.FirebaseInstanceIdReceiver"
154-->[com.google.firebase:firebase-iid:20.0.2] AndroidManifest.xml:38:13-78
155            android:exported="true"
155-->[com.google.firebase:firebase-iid:20.0.2] AndroidManifest.xml:39:13-36
156            android:permission="com.google.android.c2dm.permission.SEND" >
156-->[com.google.firebase:firebase-iid:20.0.2] AndroidManifest.xml:40:13-73
157            <intent-filter>
157-->[com.google.firebase:firebase-iid:20.0.2] AndroidManifest.xml:41:13-43:29
158                <action android:name="com.google.android.c2dm.intent.RECEIVE" />
158-->[com.google.firebase:firebase-iid:20.0.2] AndroidManifest.xml:42:17-81
158-->[com.google.firebase:firebase-iid:20.0.2] AndroidManifest.xml:42:25-78
159            </intent-filter>
160        </receiver>
161
162        <activity
162-->[com.google.android.gms:play-services-base:17.1.0] AndroidManifest.xml:23:9-26:75
163            android:name="com.google.android.gms.common.api.GoogleApiActivity"
163-->[com.google.android.gms:play-services-base:17.1.0] AndroidManifest.xml:24:13-79
164            android:exported="false"
164-->[com.google.android.gms:play-services-base:17.1.0] AndroidManifest.xml:25:13-37
165            android:theme="@android:style/Theme.Translucent.NoTitleBar" />
165-->[com.google.android.gms:play-services-base:17.1.0] AndroidManifest.xml:26:13-72
166
167        <provider
167-->[com.google.firebase:firebase-common:19.3.0] AndroidManifest.xml:26:9-30:39
168            android:name="com.google.firebase.provider.FirebaseInitProvider"
168-->[com.google.firebase:firebase-common:19.3.0] AndroidManifest.xml:27:13-77
169            android:authorities="com.epsilon.namaskaar.firebaseinitprovider"
169-->[com.google.firebase:firebase-common:19.3.0] AndroidManifest.xml:28:13-72
170            android:exported="false"
170-->[com.google.firebase:firebase-common:19.3.0] AndroidManifest.xml:29:13-37
171            android:initOrder="100" />
171-->[com.google.firebase:firebase-common:19.3.0] AndroidManifest.xml:30:13-36
172
173        <receiver
173-->[com.google.android.gms:play-services-measurement:17.2.2] AndroidManifest.xml:29:9-33:20
174            android:name="com.google.android.gms.measurement.AppMeasurementReceiver"
174-->[com.google.android.gms:play-services-measurement:17.2.2] AndroidManifest.xml:30:13-85
175            android:enabled="true"
175-->[com.google.android.gms:play-services-measurement:17.2.2] AndroidManifest.xml:31:13-35
176            android:exported="false" >
176-->[com.google.android.gms:play-services-measurement:17.2.2] AndroidManifest.xml:32:13-37
177        </receiver>
178        <receiver
178-->[com.google.android.gms:play-services-measurement:17.2.2] AndroidManifest.xml:34:9-42:20
179            android:name="com.google.android.gms.measurement.AppMeasurementInstallReferrerReceiver"
179-->[com.google.android.gms:play-services-measurement:17.2.2] AndroidManifest.xml:35:13-100
180            android:enabled="true"
180-->[com.google.android.gms:play-services-measurement:17.2.2] AndroidManifest.xml:36:13-35
181            android:exported="true"
181-->[com.google.android.gms:play-services-measurement:17.2.2] AndroidManifest.xml:37:13-36
182            android:permission="android.permission.INSTALL_PACKAGES" >
182-->[com.google.android.gms:play-services-measurement:17.2.2] AndroidManifest.xml:38:13-69
183            <intent-filter>
183-->[com.google.android.gms:play-services-measurement:17.2.2] AndroidManifest.xml:39:13-41:29
184                <action android:name="com.android.vending.INSTALL_REFERRER" />
184-->[com.google.android.gms:play-services-measurement:17.2.2] AndroidManifest.xml:40:17-79
184-->[com.google.android.gms:play-services-measurement:17.2.2] AndroidManifest.xml:40:25-76
185            </intent-filter>
186        </receiver>
187
188        <service
188-->[com.google.android.gms:play-services-measurement:17.2.2] AndroidManifest.xml:44:9-47:40
189            android:name="com.google.android.gms.measurement.AppMeasurementService"
189-->[com.google.android.gms:play-services-measurement:17.2.2] AndroidManifest.xml:45:13-84
190            android:enabled="true"
190-->[com.google.android.gms:play-services-measurement:17.2.2] AndroidManifest.xml:46:13-35
191            android:exported="false" />
191-->[com.google.android.gms:play-services-measurement:17.2.2] AndroidManifest.xml:47:13-37
192        <service
192-->[com.google.android.gms:play-services-measurement:17.2.2] AndroidManifest.xml:48:9-52:72
193            android:name="com.google.android.gms.measurement.AppMeasurementJobService"
193-->[com.google.android.gms:play-services-measurement:17.2.2] AndroidManifest.xml:49:13-87
194            android:enabled="true"
194-->[com.google.android.gms:play-services-measurement:17.2.2] AndroidManifest.xml:50:13-35
195            android:exported="false"
195-->[com.google.android.gms:play-services-measurement:17.2.2] AndroidManifest.xml:51:13-37
196            android:permission="android.permission.BIND_JOB_SERVICE" />
196-->[com.google.android.gms:play-services-measurement:17.2.2] AndroidManifest.xml:52:13-69
197
198        <meta-data
198-->[com.google.android.gms:play-services-basement:17.0.0] AndroidManifest.xml:23:9-25:69
199            android:name="com.google.android.gms.version"
199-->[com.google.android.gms:play-services-basement:17.0.0] AndroidManifest.xml:24:13-58
200            android:value="@integer/google_play_services_version" />
200-->[com.google.android.gms:play-services-basement:17.0.0] AndroidManifest.xml:25:13-66
201
202        <service
202-->[com.google.android.datatransport:transport-backend-cct:2.2.0] AndroidManifest.xml:29:9-35:19
203            android:name="com.google.android.datatransport.runtime.backends.TransportBackendDiscovery"
203-->[com.google.android.datatransport:transport-backend-cct:2.2.0] AndroidManifest.xml:30:13-103
204            android:exported="false" >
204-->[com.google.android.datatransport:transport-backend-cct:2.2.0] AndroidManifest.xml:31:13-37
205            <meta-data
205-->[com.google.android.datatransport:transport-backend-cct:2.2.0] AndroidManifest.xml:32:13-34:39
206                android:name="backend:com.google.android.datatransport.cct.CctBackendFactory"
206-->[com.google.android.datatransport:transport-backend-cct:2.2.0] AndroidManifest.xml:33:17-94
207                android:value="cct" />
207-->[com.google.android.datatransport:transport-backend-cct:2.2.0] AndroidManifest.xml:34:17-36
208        </service>
209        <service
209-->[com.google.android.datatransport:transport-runtime:2.2.0] AndroidManifest.xml:26:9-30:19
210            android:name="com.google.android.datatransport.runtime.scheduling.jobscheduling.JobInfoSchedulerService"
210-->[com.google.android.datatransport:transport-runtime:2.2.0] AndroidManifest.xml:27:13-117
211            android:exported="false"
211-->[com.google.android.datatransport:transport-runtime:2.2.0] AndroidManifest.xml:28:13-37
212            android:permission="android.permission.BIND_JOB_SERVICE" >
212-->[com.google.android.datatransport:transport-runtime:2.2.0] AndroidManifest.xml:29:13-69
213        </service>
214
215        <receiver
215-->[com.google.android.datatransport:transport-runtime:2.2.0] AndroidManifest.xml:32:9-34:40
216            android:name="com.google.android.datatransport.runtime.scheduling.jobscheduling.AlarmManagerSchedulerBroadcastReceiver"
216-->[com.google.android.datatransport:transport-runtime:2.2.0] AndroidManifest.xml:33:13-132
217            android:exported="false" />
217-->[com.google.android.datatransport:transport-runtime:2.2.0] AndroidManifest.xml:34:13-37
218    </application>
219
220</manifest>